{"C:\\Users\\stefa\\ATR-Jest\\modulo-1\\aula1\\index.js": {"path":"C:\\Users\\stefa\\ATR-Jest\\modulo-1\\aula1\\index.js","statementMap":{"0":{"start":{"line":1,"column":0},"end":{"line":1,"column":47}},"1":{"start":{"line":1,"column":28},"end":{"line":1,"column":46}}},"fnMap":{"0":{"name":"(anonymous_0)","decl":{"start":{"line":1,"column":17},"end":{"line":1,"column":18}},"loc":{"start":{"line":1,"column":28},"end":{"line":1,"column":46}},"line":1}},"branchMap":{},"s":{"0":1,"1":3},"f":{"0":3},"b":{},"_coverageSchema":"1a1c01bbd47fc00a2c39e90264f33305004495a9","hash":"bd8102bc66474bf4d16480a3b2e21cbdb2c79521"}
,"C:\\Users\\stefa\\ATR-Jest\\modulo-1\\aula2\\index.js": {"path":"C:\\Users\\stefa\\ATR-Jest\\modulo-1\\aula2\\index.js","statementMap":{"0":{"start":{"line":1,"column":0},"end":{"line":10,"column":1}},"1":{"start":{"line":6,"column":8},"end":{"line":6,"column":32}},"2":{"start":{"line":7,"column":8},"end":{"line":7,"column":26}},"3":{"start":{"line":8,"column":8},"end":{"line":8,"column":32}}},"fnMap":{"0":{"name":"(anonymous_0)","decl":{"start":{"line":5,"column":4},"end":{"line":5,"column":5}},"loc":{"start":{"line":5,"column":40},"end":{"line":9,"column":5}},"line":5}},"branchMap":{},"s":{"0":1,"1":2,"2":2,"3":2},"f":{"0":2},"b":{},"_coverageSchema":"1a1c01bbd47fc00a2c39e90264f33305004495a9","hash":"5c1b11d8a3e611a83043e5bf8cc74dfe70a79d8a"}
,"C:\\Users\\stefa\\ATR-Jest\\modulo-2\\aula1\\person.js": {"path":"C:\\Users\\stefa\\ATR-Jest\\modulo-2\\aula1\\person.js","statementMap":{"0":{"start":{"line":6,"column":6},"end":{"line":6,"column":31}},"1":{"start":{"line":7,"column":6},"end":{"line":7,"column":25}},"2":{"start":{"line":8,"column":6},"end":{"line":8,"column":31}},"3":{"start":{"line":16,"column":6},"end":{"line":16,"column":39}},"4":{"start":{"line":17,"column":6},"end":{"line":17,"column":27}},"5":{"start":{"line":24,"column":6},"end":{"line":24,"column":39}},"6":{"start":{"line":25,"column":6},"end":{"line":25,"column":29}},"7":{"start":{"line":29,"column":2},"end":{"line":29,"column":48}}},"fnMap":{"0":{"name":"(anonymous_0)","decl":{"start":{"line":5,"column":4},"end":{"line":5,"column":5}},"loc":{"start":{"line":5,"column":43},"end":{"line":9,"column":5}},"line":5},"1":{"name":"(anonymous_1)","decl":{"start":{"line":15,"column":4},"end":{"line":15,"column":5}},"loc":{"start":{"line":15,"column":51},"end":{"line":18,"column":5}},"line":15},"2":{"name":"(anonymous_2)","decl":{"start":{"line":23,"column":4},"end":{"line":23,"column":5}},"loc":{"start":{"line":23,"column":52},"end":{"line":26,"column":5}},"line":23}},"branchMap":{},"s":{"0":2,"1":2,"2":2,"3":1,"4":1,"5":1,"6":1,"7":2},"f":{"0":2,"1":1,"2":1},"b":{},"_coverageSchema":"1a1c01bbd47fc00a2c39e90264f33305004495a9","hash":"1e144017b27abec10e3a334a8a7b97df481f64ee"}
,"C:\\Users\\stefa\\ATR-Jest\\modulo-2\\aula1\\person_factory.js": {"path":"C:\\Users\\stefa\\ATR-Jest\\modulo-2\\aula1\\person_factory.js","statementMap":{"0":{"start":{"line":1,"column":29},"end":{"line":1,"column":48}},"1":{"start":{"line":3,"column":0},"end":{"line":18,"column":2}},"2":{"start":{"line":5,"column":4},"end":{"line":7,"column":5}},"3":{"start":{"line":6,"column":6},"end":{"line":6,"column":18}},"4":{"start":{"line":9,"column":4},"end":{"line":16,"column":5}},"5":{"start":{"line":11,"column":8},"end":{"line":11,"column":30}},"6":{"start":{"line":13,"column":8},"end":{"line":13,"column":28}},"7":{"start":{"line":15,"column":8},"end":{"line":15,"column":20}}},"fnMap":{"0":{"name":"(anonymous_0)","decl":{"start":{"line":4,"column":2},"end":{"line":4,"column":3}},"loc":{"start":{"line":4,"column":18},"end":{"line":17,"column":3}},"line":4}},"branchMap":{"0":{"loc":{"start":{"line":5,"column":4},"end":{"line":7,"column":5}},"type":"if","locations":[{"start":{"line":5,"column":4},"end":{"line":7,"column":5}},{"start":{},"end":{}}],"line":5},"1":{"loc":{"start":{"line":9,"column":4},"end":{"line":16,"column":5}},"type":"switch","locations":[{"start":{"line":10,"column":6},"end":{"line":11,"column":30}},{"start":{"line":12,"column":6},"end":{"line":13,"column":28}},{"start":{"line":14,"column":6},"end":{"line":15,"column":20}}],"line":9}},"s":{"0":2,"1":2,"2":4,"3":1,"4":3,"5":1,"6":1,"7":1},"f":{"0":4},"b":{"0":[1,3],"1":[1,1,1]},"_coverageSchema":"1a1c01bbd47fc00a2c39e90264f33305004495a9","hash":"9f6ed7ddf9d47b3bf52525ea25b77de2c2a22bde"}
,"C:\\Users\\stefa\\ATR-Jest\\modulo-2\\aula2\\Product.js": {"path":"C:\\Users\\stefa\\ATR-Jest\\modulo-2\\aula2\\Product.js","statementMap":{"0":{"start":{"line":1,"column":0},"end":{"line":4,"column":2}}},"fnMap":{},"branchMap":{},"s":{"0":1},"f":{},"b":{},"_coverageSchema":"1a1c01bbd47fc00a2c39e90264f33305004495a9","hash":"35e0d6834995e02faaea861a87398900a70455c2"}
,"C:\\Users\\stefa\\ATR-Jest\\modulo-2\\aula3\\grade.js": {"path":"C:\\Users\\stefa\\ATR-Jest\\modulo-2\\aula3\\grade.js","statementMap":{"0":{"start":{"line":1,"column":0},"end":{"line":4,"column":2}},"1":{"start":{"line":2,"column":20},"end":{"line":2,"column":50}},"2":{"start":{"line":3,"column":4},"end":{"line":3,"column":24}}},"fnMap":{"0":{"name":"(anonymous_0)","decl":{"start":{"line":1,"column":17},"end":{"line":1,"column":18}},"loc":{"start":{"line":1,"column":45},"end":{"line":4,"column":1}},"line":1}},"branchMap":{},"s":{"0":1,"1":2,"2":2},"f":{"0":2},"b":{},"_coverageSchema":"1a1c01bbd47fc00a2c39e90264f33305004495a9","hash":"a2316baa43c4ad40ed3caca263c0ecfa47356c67"}
,"C:\\Users\\stefa\\ATR-Jest\\modulo-3-4\\aula1\\grade.js": {"path":"C:\\Users\\stefa\\ATR-Jest\\modulo-3-4\\aula1\\grade.js","statementMap":{"0":{"start":{"line":1,"column":0},"end":{"line":3,"column":2}},"1":{"start":{"line":2,"column":4},"end":{"line":2,"column":42}}},"fnMap":{"0":{"name":"(anonymous_0)","decl":{"start":{"line":1,"column":17},"end":{"line":1,"column":18}},"loc":{"start":{"line":1,"column":45},"end":{"line":3,"column":1}},"line":1}},"branchMap":{},"s":{"0":4,"1":8},"f":{"0":8},"b":{},"_coverageSchema":"1a1c01bbd47fc00a2c39e90264f33305004495a9","hash":"e30389fc5ff3061cdec8699d6969d86647eb4c38"}
,"C:\\Users\\stefa\\ATR-Jest\\modulo-3-4\\aula2\\users.js": {"path":"C:\\Users\\stefa\\ATR-Jest\\modulo-3-4\\aula2\\users.js","statementMap":{"0":{"start":{"line":1,"column":0},"end":{"line":1,"column":45}}},"fnMap":{},"branchMap":{},"s":{"0":3},"f":{},"b":{},"_coverageSchema":"1a1c01bbd47fc00a2c39e90264f33305004495a9","hash":"066e6f0bad147c171a190db30a92998acc81e50a"}
,"C:\\Users\\stefa\\ATR-Jest\\modulo-5\\index.js": {"path":"C:\\Users\\stefa\\ATR-Jest\\modulo-5\\index.js","statementMap":{"0":{"start":{"line":1,"column":0},"end":{"line":6,"column":4}},"1":{"start":{"line":2,"column":4},"end":{"line":4,"column":5}},"2":{"start":{"line":3,"column":6},"end":{"line":3,"column":53}},"3":{"start":{"line":5,"column":4},"end":{"line":5,"column":30}}},"fnMap":{"0":{"name":"(anonymous_0)","decl":{"start":{"line":1,"column":17},"end":{"line":1,"column":18}},"loc":{"start":{"line":1,"column":40},"end":{"line":6,"column":3}},"line":1}},"branchMap":{"0":{"loc":{"start":{"line":2,"column":4},"end":{"line":4,"column":5}},"type":"if","locations":[{"start":{"line":2,"column":4},"end":{"line":4,"column":5}},{"start":{},"end":{}}],"line":2}},"s":{"0":1,"1":2,"2":1,"3":1},"f":{"0":2},"b":{"0":[1,1]},"_coverageSchema":"1a1c01bbd47fc00a2c39e90264f33305004495a9","hash":"35e10eb69cfd2fe7a0c704f613ec10afad566141"}
}
