TN:
SF:modulo-1\aula1\index.js
FN:1,(anonymous_0)
FNF:1
FNH:1
FNDA:3,(anonymous_0)
DA:1,3
LF:1
LH:1
BRF:0
BRH:0
end_of_record
TN:
SF:modulo-1\aula2\index.js
FN:5,(anonymous_0)
FNF:1
FNH:1
FNDA:2,(anonymous_0)
DA:1,1
DA:6,2
DA:7,2
DA:8,2
LF:4
LH:4
BRF:0
BRH:0
end_of_record
TN:
SF:modulo-2\aula1\person.js
FN:5,(anonymous_0)
FN:15,(anonymous_1)
FN:23,(anonymous_2)
FNF:3
FNH:3
FNDA:2,(anonymous_0)
FNDA:1,(anonymous_1)
FNDA:1,(anonymous_2)
DA:6,2
DA:7,2
DA:8,2
DA:16,1
DA:17,1
DA:24,1
DA:25,1
DA:29,2
LF:8
LH:8
BRF:0
BRH:0
end_of_record
TN:
SF:modulo-2\aula1\person_factory.js
FN:4,(anonymous_0)
FNF:1
FNH:1
FNDA:4,(anonymous_0)
DA:1,2
DA:3,2
DA:5,4
DA:6,1
DA:9,3
DA:11,1
DA:13,1
DA:15,1
LF:8
LH:8
BRDA:5,0,0,1
BRDA:5,0,1,3
BRDA:9,1,0,1
BRDA:9,1,1,1
BRDA:9,1,2,1
BRF:5
BRH:5
end_of_record
TN:
SF:modulo-2\aula2\Product.js
FNF:0
FNH:0
DA:1,1
LF:1
LH:1
BRF:0
BRH:0
end_of_record
TN:
SF:modulo-2\aula3\grade.js
FN:1,(anonymous_0)
FNF:1
FNH:1
FNDA:2,(anonymous_0)
DA:1,1
DA:2,2
DA:3,2
LF:3
LH:3
BRF:0
BRH:0
end_of_record
TN:
SF:modulo-3-4\aula1\grade.js
FN:1,(anonymous_0)
FNF:1
FNH:1
FNDA:8,(anonymous_0)
DA:1,4
DA:2,8
LF:2
LH:2
BRF:0
BRH:0
end_of_record
TN:
SF:modulo-3-4\aula2\users.js
FNF:0
FNH:0
DA:1,3
LF:1
LH:1
BRF:0
BRH:0
end_of_record
TN:
SF:modulo-5\index.js
FN:1,(anonymous_0)
FNF:1
FNH:1
FNDA:2,(anonymous_0)
DA:1,1
DA:2,2
DA:3,1
DA:5,1
LF:4
LH:4
BRDA:2,0,0,1
BRDA:2,0,1,1
BRF:2
BRH:2
end_of_record
